0.000000 
 48.233895 
 1.278729 
 1.000000 
 0.000000 
 1.605566 
 46.628328 
10.000000 
 36.388067 
 0.395685 
 0.325542 
 0.190556 
 0.327221 
 35.870289 
20.000000 
 35.742925 
 0.384835 
 0.018049 
 0.256200 
 0.237535 
 35.249189 
30.000000 
 35.156954 
 0.399252 
 0.016667 
 0.293332 
 0.215139 
 34.648483 
40.000000 
 34.599390 
 0.418960 
 0.016115 
 0.324778 
 0.206713 
 34.067900 
50.000000 
 34.065789 
 0.441104 
 0.015664 
 0.353852 
 0.204225 
 33.507712 
60.000000 
 33.554547 
 0.464232 
 0.015236 
 0.380936 
 0.205179 
 32.968432 
70.000000 
 33.064874 
 0.487258 
 0.014809 
 0.405726 
 0.208415 
 32.450734 
80.000000 
 32.596413 
 0.509278 
 0.014372 
 0.427722 
 0.213265 
 31.955426 
90.000000 
 32.149139 
 0.529535 
 0.013912 
 0.446388 
 0.219312 
 31.483439 
100.000000 
 31.723342 
 0.547428 
 0.013422 
 0.461224 
 0.226306 
 31.035812 
110.000000 
 31.319636 
 0.562532 
 0.012890 
 0.471815 
 0.234143 
 30.613679 
120.000000 
 30.938969 
 0.574632 
 0.012304 
 0.477869 
 0.242858 
 30.218243 
130.000000 
 30.582630 
 0.583745 
 0.011652 
 0.479251 
 0.252627 
 29.850752 
140.000000 
 30.252227 
 0.590143 
 0.010922 
 0.476003 
 0.263766 
 29.512459 
150.000000 
 29.949653 
 0.594357 
 0.010103 
 0.468366 
 0.276712 
 29.204575 
160.000000 
 29.677000 
 0.597163 
 0.009187 
 0.456783 
 0.292008 
 28.928208 
170.000000 
 29.436450 
 0.599546 
 0.008172 
 0.441887 
 0.310262 
 28.684301 
180.000000 
 29.230127 
 0.602641 
 0.007059 
 0.424479 
 0.332097 
 28.473551 
190.000000 
 29.059911 
 0.607650 
 0.005857 
 0.405482 
 0.358087 
 28.296343 
200.000000 
 28.927252 
 0.615739 
 0.004586 
 0.385890 
 0.388689 
 28.152673 
210.000000 
 28.832975 
 0.627939 
 0.003270 
 0.366700 
 0.424175 
 28.042100 
220.000000 
 28.777347 
 0.645091 
 0.001933 
 0.348744 
 0.464870 
 27.963732 
230.000000 
 28.588649 
 0.661583 
 0.006600 
 0.355943 
 0.478441 
 27.754266 
240.000000 
 28.389450 
 0.679424 
 0.007017 
 0.362138 
 0.495007 
 27.532305 
250.000000 
 28.225685 
 0.697724 
 0.005802 
 0.365234 
 0.515346 
 27.345105 
260.000000 
 28.098243 
 0.717486 
 0.004536 
 0.366437 
 0.539209 
 27.192596 
270.000000 
 27.960551 
 0.734217 
 0.004925 
 0.371296 
 0.556250 
 27.033005 
280.000000 
 27.720214 
 0.750255 
 0.008670 
 0.386459 
 0.561184 
 26.772571 
290.000000 
 27.513620 
 0.766885 
 0.007509 
 0.398178 
 0.570511 
 26.544931 
300.000000 
 27.340963 
 0.784127 
 0.006315 
 0.406794 
 0.583825 
 26.350344 
310.000000 
 27.202912 
 0.802082 
 0.005075 
 0.412404 
 0.601155 
 26.189354 
320.000000 
 27.100230 
 0.821001 
 0.003789 
 0.415225 
 0.622595 
 26.062410 
330.000000 
 27.033626 
 0.841273 
 0.002464 
 0.415628 
 0.648252 
 25.969745 
340.000000 
 27.003618 
 0.863381 
 0.001111 
 0.414131 
 0.678201 
 25.911285 
350.000000 
 26.879676 
 0.879374 
 0.004611 
 0.424146 
 0.688418 
 25.767111 
360.000000 
 26.705224 
 0.894807 
 0.006533 
 0.436961 
 0.695151 
 25.573112 
370.000000 
 26.566583 
 0.911451 
 0.005219 
 0.446734 
 0.706539 
 25.413310 
380.000000 
 26.464221 
 0.929414 
 0.003868 
 0.453702 
 0.722475 
 25.288044 
390.000000 
 26.398752 
 0.948967 
 0.002480 
 0.458242 
 0.742818 
 25.197693 
400.000000 
 26.313428 
 0.965566 
 0.003243 
 0.466703 
 0.755458 
 25.091267 
410.000000 
 26.122357 
 0.979156 
 0.007314 
 0.483615 
 0.755630 
 24.883112 
420.000000 
 25.965697 
 0.994074 
 0.006033 
 0.497195 
 0.760879 
 24.707623 
430.000000 
 25.843871 
 1.010301 
 0.004714 
 0.507913 
 0.770701 
 24.565258 
440.000000 
 25.758613 
 1.028816 
 0.003310 
 0.516673 
 0.785188 
 24.456752 
450.000000 
 25.713313 
 1.052085 
 0.001762 
 0.525902 
 0.804617 
 24.382794 
460.000000 
 25.637177 
 1.063583 
 0.002970 
 0.530626 
 0.815412 
 24.291139 
470.000000 
 25.462352 
 1.077488 
 0.006866 
 0.548681 
 0.814665 
 24.099006 
480.000000 
 25.320677 
 1.092331 
 0.005595 
 0.563223 
 0.818770 
 23.938684 
490.000000 
 25.212827 
 1.108253 
 0.004278 
 0.574741 
 0.827336 
 23.810749 
500.000000 
 25.139618 
 1.125214 
 0.002912 
 0.583224 
 0.840325 
 23.716069 
510.000000 
 25.101952 
 1.143284 
 0.001501 
 0.588738 
 0.857758 
 23.655456 
520.000000 
 25.023861 
 1.158560 
 0.003121 
 0.600964 
 0.864673 
 23.558224 
530.000000 
 24.863963 
 1.172860 
 0.006431 
 0.620102 
 0.863353 
 23.380507 
540.000000 
 24.735833 
 1.187849 
 0.005180 
 0.635559 
 0.866698 
 23.233575 
550.000000 
 24.640304 
 1.203618 
 0.003877 
 0.647775 
 0.874345 
 23.118184 
560.000000 
 24.578303 
 1.220112 
 0.002523 
 0.656732 
 0.886251 
 23.035320 
570.000000 
 24.550836 
 1.237373 
 0.001119 
 0.662465 
 0.902442 
 22.985929 
580.000000 
 24.447976 
 1.251947 
 0.004207 
 0.679654 
 0.903367 
 22.864955 
590.000000 
 24.302443 
 1.266890 
 0.005988 
 0.699552 
 0.902087 
 22.700804 
600.000000 
 24.187334 
 1.282387 
 0.004759 
 0.715887 
 0.905137 
 22.566310 
610.000000 
 24.103337 
 1.298206 
 0.003485 
 0.728684 
 0.912243 
 22.462411 
620.000000 
 24.052413 
 1.315242 
 0.002117 
 0.738788 
 0.923423 
 22.390202 
630.000000 
 24.035378 
 1.333225 
 0.000709 
 0.745748 
 0.938857 
 22.350773 
630.000000 
 24.035662 
 1.334409 
 0.000012 
 0.745778 
 0.941193 
 22.348690 
640.000000 
 23.891007 
 1.345470 
 0.006055 
 0.767966 
 0.932407 
 22.190635 
650.000000 
 23.759407 
 1.361179 
 0.005539 
 0.788388 
 0.931580 
 22.039438 
660.000000 
 23.656456 
 1.376922 
 0.004352 
 0.805011 
 0.934697 
 21.916748 
670.000000 
 23.583142 
 1.392616 
 0.003109 
 0.817930 
 0.941561 
 21.823651 
680.000000 
 23.540851 
 1.408361 
 0.001796 
 0.827090 
 0.952409 
 21.761352 
690.000000 
 23.529773 
 1.422373 
 0.000471 
 0.832271 
 0.964913 
 21.732589 
700.000000 
 23.383841 
 1.440153 
 0.006241 
 0.860888 
 0.958352 
 21.564601 
710.000000 
 23.263579 
 1.456820 
 0.005170 
 0.882256 
 0.957770 
 21.423554 
720.000000 
 23.170509 
 1.473248 
 0.004017 
 0.899714 
 0.960820 
 21.309975 
730.000000 
 23.105294 
 1.488839 
 0.002823 
 0.912940 
 0.967313 
 21.225041 
740.000000 
 23.070693 
 1.505212 
 0.001500 
 0.923300 
 0.977393 
 21.170000 
750.000000 
 23.018171 
 1.519005 
 0.002282 
 0.936910 
 0.981506 
 21.099755 
760.000000 
 22.884954 
 1.538135 
 0.005821 
 0.964688 
 0.977364 
 20.942903 
770.000000 
 22.775887 
 1.556032 
 0.004789 
 0.986763 
 0.977573 
 20.811551 
780.000000 
 22.691796 
 1.572611 
 0.003706 
 1.004413 
 0.980782 
 20.706602 
790.000000 
 22.634399 
 1.588407 
 0.002536 
 1.017908 
 0.987213 
 20.629278 
800.000000 
 22.604622 
 1.603046 
 0.001317 
 1.026988 
 0.996749 
 20.580885 
810.000000 
 22.545715 
 1.619191 
 0.002613 
 1.045353 
 0.998517 
 20.501845 
820.000000 
 22.423229 
 1.639975 
 0.005462 
 1.074287 
 0.995239 
 20.353703 
830.000000 
 22.322951 
 1.658792 
 0.004492 
 1.097327 
 0.995647 
 20.229976 
840.000000 
 22.246998 
 1.676802 
 0.003414 
 1.116333 
 0.999031 
 20.131634 
850.000000 
 22.194926 
 1.692311 
 0.002346 
 1.129864 
 1.005139 
 20.059924 
860.000000 
 22.169282 
 1.706564 
 0.001157 
 1.139058 
 1.014039 
 20.016185 
870.000000 
 22.103018 
 1.724327 
 0.002998 
 1.161022 
 1.014276 
 19.927720 
